<?xml version="1.0" encoding="UTF-8"?>
<!-- Generated by org.testng.reporters.JUnitReportReporter -->
<testsuite hostname="DESKTOP-CMMN98B" failures="0" tests="2" name="com.SiNoKa_In.erp.HomePage.HomePageValidate" time="9.223" errors="0" timestamp="2024-05-29T14:23:40 IST" skipped="1">
  <testcase classname="com.SiNoKa_In.erp.HomePage.HomePageValidate" name="ATest" time="9.223"/>
  <testcase classname="com.SiNoKa_In.erp.HomePage.HomePageValidate" name="homepagedisplayedtestTest">
    <skipped/>
  </testcase> <!-- homepagedisplayedtestTest -->
</testsuite> <!-- com.SiNoKa_In.erp.HomePage.HomePageValidate -->
