<?xml version="1.0" encoding="UTF-8"?>
<!-- Generated by org.testng.reporters.JUnitReportReporter -->
<testsuite hostname="DESKTOP-CMMN98B" failures="0" tests="2" name="com.SiNoKa_In.rep.HomePage.HomePageValidate" time="8.944" errors="0" timestamp="2024-05-29T07:16:00 IST" skipped="0">
  <testcase classname="com.SiNoKa_In.rep.HomePage.HomePageValidate" name="test01" time="4.249"/>
  <testcase classname="com.SiNoKa_In.rep.HomePage.HomePageValidate" name="homepagedisplayedtestTest" time="4.695"/>
</testsuite> <!-- com.SiNoKa_In.rep.HomePage.HomePageValidate -->
