<?xml version="1.0" encoding="UTF-8"?>
<!-- Generated by org.testng.reporters.JUnitReportReporter -->
<testsuite hostname="DESKTOP-CMMN98B" failures="0" tests="2" name="com.SiNoKa_In.erp.Product.ProductModule" time="13.110" errors="0" timestamp="2024-05-29T08:50:07 IST" skipped="0">
  <testcase classname="com.SiNoKa_In.erp.Product.ProductModule" name="test01" time="6.100"/>
  <testcase classname="com.SiNoKa_In.erp.Product.ProductModule" name="createnewproductTest" time="7.010"/>
</testsuite> <!-- com.SiNoKa_In.erp.Product.ProductModule -->
