<?xml version="1.0" encoding="UTF-8"?>
<!-- Generated by org.testng.reporters.JUnitReportReporter -->
<testsuite hostname="DESKTOP-CMMN98B" failures="0" tests="2" name="com.SiNoKa_In.erp.Member.MembersScripts" time="4.280" errors="0" timestamp="2024-05-31T15:55:47 IST" skipped="1">
  <testcase classname="com.SiNoKa_In.erp.Member.MembersScripts" name="ATest" time="4.280"/>
  <testcase classname="com.SiNoKa_In.erp.Member.MembersScripts" name="createnewproductTest">
    <skipped/>
  </testcase> <!-- createnewproductTest -->
</testsuite> <!-- com.SiNoKa_In.erp.Member.MembersScripts -->
